Using pre-set license
Built from '2021.3/staging' branch; Version is '2021.3.6f1 (7da38d85baf6) revision 8233869'; Using compiler version '192829333'; Build Type 'Release'
OS: 'Windows 10  (10.0.19043) 64bit Professional' Language: 'en' Physical Memory: 8108 MB
BatchMode: 1, IsHumanControllingUs: 0, StartBugReporterOnCrash: 0, Is64bit: 1, IsPro: 1

COMMAND LINE ARGUMENTS:
E:\unity\2021.3.6f1\Editor\Unity.exe
-adb2
-batchMode
-noUpm
-name
AssetImportWorker1
-projectPath
F:/GitHub/YourTurn/Your Turn
-logFile
Logs/AssetImportWorker1.log
-srvPort
50512
Successfully changed project path to: F:/GitHub/YourTurn/Your Turn
F:/GitHub/YourTurn/Your Turn
[UnityMemory] Configuration Parameters - Can be set up in boot.config
    "memorysetup-bucket-allocator-granularity=16"
    "memorysetup-bucket-allocator-bucket-count=8"
    "memorysetup-bucket-allocator-block-size=33554432"
    "memorysetup-bucket-allocator-block-count=8"
    "memorysetup-main-allocator-block-size=16777216"
    "memorysetup-thread-allocator-block-size=16777216"
    "memorysetup-gfx-main-allocator-block-size=16777216"
    "memorysetup-gfx-thread-allocator-block-size=16777216"
    "memorysetup-cache-allocator-block-size=4194304"
    "memorysetup-typetree-allocator-block-size=2097152"
    "memorysetup-profiler-bucket-allocator-granularity=16"
    "memorysetup-profiler-bucket-allocator-bucket-count=8"
    "memorysetup-profiler-bucket-allocator-block-size=33554432"
    "memorysetup-profiler-bucket-allocator-block-count=8"
    "memorysetup-profiler-allocator-block-size=16777216"
    "memorysetup-profiler-editor-allocator-block-size=1048576"
    "memorysetup-temp-allocator-size-main=16777216"
    "memorysetup-job-temp-allocator-block-size=2097152"
    "memorysetup-job-temp-allocator-block-size-background=1048576"
    "memorysetup-job-temp-allocator-reduction-small-platforms=262144"
    "memorysetup-temp-allocator-size-background-worker=32768"
    "memorysetup-temp-allocator-size-job-worker=262144"
    "memorysetup-temp-allocator-size-preload-manager=33554432"
    "memorysetup-temp-allocator-size-nav-mesh-worker=65536"
    "memorysetup-temp-allocator-size-audio-worker=65536"
    "memorysetup-temp-allocator-size-cloud-worker=32768"
    "memorysetup-temp-allocator-size-gi-baking-worker=262144"
    "memorysetup-temp-allocator-size-gfx=262144"
Refreshing native plugins compatible for Editor in 110.66 ms, found 3 plugins.
Preloading 0 native plugins for Editor in 0.00 ms.
Initialize engine version: 2021.3.6f1 (7da38d85baf6)
[Subsystems] Discovering subsystems at path E:/unity/2021.3.6f1/Editor/Data/Resources/UnitySubsystems
[Subsystems] Discovering subsystems at path F:/GitHub/YourTurn/Your Turn/Assets
GfxDevice: creating device client; threaded=0; jobified=0
Direct3D:
    Version:  Direct3D 11.0 [level 11.1]
    Renderer: Radeon(TM) 520 (ID=0x6660)
    Vendor:   ATI
    VRAM:     2039 MB
    Driver:   22.19.128.5
Initialize mono
Mono path[0] = 'E:/unity/2021.3.6f1/Editor/Data/Managed'
Mono path[1] = 'E:/unity/2021.3.6f1/Editor/Data/MonoBleedingEdge/lib/mono/unityjit-win32'
Mono config path = 'E:/unity/2021.3.6f1/Editor/Data/MonoBleedingEdge/etc'
Using monoOptions --debugger-agent=transport=dt_socket,embedding=1,server=y,suspend=n,address=127.0.0.1:56540
Begin MonoManager ReloadAssembly
Registering precompiled unity dll's ...
Register platform support module: E:/unity/2021.3.6f1/Editor/Data/PlaybackEngines/WebGLSupport/UnityEditor.WebGL.Extensions.dll
Register platform support module: E:/unity/2021.3.6f1/Editor/Data/PlaybackEngines/AndroidPlayer/UnityEditor.Android.Extensions.dll
Register platform support module: E:/unity/2021.3.6f1/Editor/Data/PlaybackEngines/WindowsStandaloneSupport/UnityEditor.WindowsStandalone.Extensions.dll
Registered in 0.004159 seconds.
Native extension for WindowsStandalone target not found
Native extension for Android target not found
Native extension for WebGL target not found
Refreshing native plugins compatible for Editor in 109.80 ms, found 3 plugins.
Preloading 0 native plugins for Editor in 0.00 ms.
Mono: successfully reloaded assembly
- Completed reload, in  0.827 seconds
Domain Reload Profiling:
	ReloadAssembly (828ms)
		BeginReloadAssembly (99ms)
			ExecutionOrderSort (0ms)
			DisableScriptedObjects (0ms)
			BackupInstance (0ms)
			ReleaseScriptingObjects (0ms)
			CreateAndSetChildDomain (1ms)
		EndReloadAssembly (596ms)
			LoadAssemblies (98ms)
			RebuildTransferFunctionScriptingTraits (0ms)
			SetupTypeCache (147ms)
			ReleaseScriptCaches (0ms)
			RebuildScriptCaches (40ms)
			SetupLoadedEditorAssemblies (350ms)
				LogAssemblyErrors (0ms)
				InitializePlatformSupportModulesInManaged (57ms)
				SetLoadedEditorAssemblies (0ms)
				RefreshPlugins (110ms)
				BeforeProcessingInitializeOnLoad (2ms)
				ProcessInitializeOnLoadAttributes (124ms)
				ProcessInitializeOnLoadMethodAttributes (57ms)
				AfterProcessingInitializeOnLoad (0ms)
				EditorAssembliesLoaded (0ms)
			ExecutionOrderSort2 (0ms)
			AwakeInstancesAfterBackupRestoration (0ms)
Platform modules already initialized, skipping
Registering precompiled user dll's ...
Registered in 0.005878 seconds.
Begin MonoManager ReloadAssembly
Symbol file LoadedFromMemory doesn't match image F:\GitHub\YourTurn\Your Turn\Library\PackageCache\com.unity.visualscripting@1.7.8\Editor\VisualScripting.Core\Dependencies\YamlDotNet\Unity.VisualScripting.YamlDotNet.dll
Symbol file LoadedFromMemory doesn't match image F:\GitHub\YourTurn\Your Turn\Library\PackageCache\com.unity.visualscripting@1.7.8\Editor\VisualScripting.Core\Dependencies\DotNetZip\Unity.VisualScripting.IonicZip.dll
Native extension for WindowsStandalone target not found
Native extension for Android target not found
Native extension for WebGL target not found
Refreshing native plugins compatible for Editor in 0.70 ms, found 3 plugins.
Preloading 0 native plugins for Editor in 0.00 ms.
Mono: successfully reloaded assembly
- Completed reload, in  2.824 seconds
Domain Reload Profiling:
	ReloadAssembly (2825ms)
		BeginReloadAssembly (141ms)
			ExecutionOrderSort (0ms)
			DisableScriptedObjects (7ms)
			BackupInstance (0ms)
			ReleaseScriptingObjects (0ms)
			CreateAndSetChildDomain (26ms)
		EndReloadAssembly (2546ms)
			LoadAssemblies (1559ms)
			RebuildTransferFunctionScriptingTraits (0ms)
			SetupTypeCache (380ms)
			ReleaseScriptCaches (1ms)
			RebuildScriptCaches (61ms)
			SetupLoadedEditorAssemblies (494ms)
				LogAssemblyErrors (0ms)
				InitializePlatformSupportModulesInManaged (18ms)
				SetLoadedEditorAssemblies (1ms)
				RefreshPlugins (2ms)
				BeforeProcessingInitializeOnLoad (114ms)
				ProcessInitializeOnLoadAttributes (324ms)
				ProcessInitializeOnLoadMethodAttributes (32ms)
				AfterProcessingInitializeOnLoad (3ms)
				EditorAssembliesLoaded (0ms)
			ExecutionOrderSort2 (0ms)
			AwakeInstancesAfterBackupRestoration (9ms)
Platform modules already initialized, skipping
========================================================================
Worker process is ready to serve import requests
Launched and connected shader compiler UnityShaderCompiler.exe after 0.29 seconds
Refreshing native plugins compatible for Editor in 1.09 ms, found 3 plugins.
Preloading 0 native plugins for Editor in 0.00 ms.
Unloading 3368 Unused Serialized files (Serialized files now loaded: 0)
Unloading 27 unused Assets / (110.9 KB). Loaded Objects now: 3827.
Memory consumption went from 115.8 MB to 115.7 MB.
Total: 5.007800 ms (FindLiveObjects: 0.348100 ms CreateObjectMapping: 0.394300 ms MarkObjects: 4.082400 ms  DeleteObjects: 0.181500 ms)

AssetImportParameters requested are different than current active one (requested -> active):
  custom:video-decoder-ogg-theora: a1e56fd34408186e4bbccfd4996cb3dc -> 
  custom:container-muxer-webm: aa71ff27fc2769a1b78a27578f13a17b -> 
  custom:container-demuxer-webm: 4f35f7cbe854078d1ac9338744f61a02 -> 
  custom:video-encoder-webm-vp8: eb34c28f22e8b96e1ab97ce403110664 -> 
  custom:audio-encoder-webm-vorbis: bf7c407c2cedff20999df2af8eb42d56 -> 
  custom:framework-win-MediaFoundation: 216162199b28c13a410421893ffa2e32 -> 
  custom:container-demuxer-ogg: 62fdf1f143b41e24485cea50d1cbac27 -> 
  custom:video-decoder-webm-vp8: 9c59270c3fd7afecdb556c50c9e8de78 -> 
  custom:audio-decoder-ogg-vorbis: bf7c407c2cedff20999df2af8eb42d56 -> 
========================================================================
Received Import Request.
  Time since last request: 1397843.597816 seconds.
  path: Assets/Characters
  artifactKey: Guid(e2ddd82999c9eaa44bd624671c89ebcd) Importer(815301076,1909f56bfc062723c751e8b465ee728b)
Start importing Assets/Characters using Guid(e2ddd82999c9eaa44bd624671c89ebcd) Importer(815301076,1909f56bfc062723c751e8b465ee728b)  -> (artifact id: '5f29e9afe0ca8d04faaa85fb32ac6863') in 0.008479 seconds 
========================================================================
Received Import Request.
  Time since last request: 26.491650 seconds.
  path: Assets/Characters/The Girl
  artifactKey: Guid(e4a5f2ecbdf097840bdaf79fa5e9e31c) Importer(815301076,1909f56bfc062723c751e8b465ee728b)
Start importing Assets/Characters/The Girl using Guid(e4a5f2ecbdf097840bdaf79fa5e9e31c) Importer(815301076,1909f56bfc062723c751e8b465ee728b)  -> (artifact id: '2c2b10a4abf0bae2847d013018a20ffc') in 0.099617 seconds 
========================================================================
Received Import Request.
  Time since last request: 11.399308 seconds.
  path: Assets/Characters/The Girl/Peasant Girl.fbx
  artifactKey: Guid(e9e868e38dc627e42a6e561568cbff48) Importer(815301076,1909f56bfc062723c751e8b465ee728b)
Start importing Assets/Characters/The Girl/Peasant Girl.fbx using Guid(e9e868e38dc627e42a6e561568cbff48) Importer(815301076,1909f56bfc062723c751e8b465ee728b)  -> (artifact id: '650b508c659d93562b5816de66be6a8e') in 1.857146 seconds 
========================================================================
Received Import Request.
  Time since last request: 0.000053 seconds.
  path: Assets/Characters/The Girl/Peasant Girl@Twist Dance.fbx
  artifactKey: Guid(538dd253cedffb442bb15e01de98df39) Importer(815301076,1909f56bfc062723c751e8b465ee728b)
Start importing Assets/Characters/The Girl/Peasant Girl@Twist Dance.fbx using Guid(538dd253cedffb442bb15e01de98df39) Importer(815301076,1909f56bfc062723c751e8b465ee728b)  -> (artifact id: '9869226c851271368c997880a85afcf6') in 0.066084 seconds 
========================================================================
Received Import Request.
  Time since last request: 0.000049 seconds.
  path: Assets/Characters/The Girl/Peasant Girl@Walking.fbx
  artifactKey: Guid(d2ae4de49af62df4092e5939634b3c18) Importer(815301076,1909f56bfc062723c751e8b465ee728b)
Start importing Assets/Characters/The Girl/Peasant Girl@Walking.fbx using Guid(d2ae4de49af62df4092e5939634b3c18) Importer(815301076,1909f56bfc062723c751e8b465ee728b)  -> (artifact id: '3d846a21354b37ba507b7006a7889e59') in 0.044429 seconds 
========================================================================
Received Import Request.
  Time since last request: 0.000038 seconds.
  path: Assets/Characters/The Girl/Peasant Girl@Rumba Dancing.fbx
  artifactKey: Guid(37ca6b35763da784ba905c495871ee38) Importer(815301076,1909f56bfc062723c751e8b465ee728b)
Start importing Assets/Characters/The Girl/Peasant Girl@Rumba Dancing.fbx using Guid(37ca6b35763da784ba905c495871ee38) Importer(815301076,1909f56bfc062723c751e8b465ee728b)  -> (artifact id: '75293894abaab71ae9c88ea65dd250e2') in 0.041633 seconds 
========================================================================
Received Import Request.
  Time since last request: 0.091188 seconds.
  path: Assets/Characters/Player/Ch14_nonPBR.fbx
  artifactKey: Guid(6410bda30ddcc2749a10c4f1d34f0201) Importer(815301076,1909f56bfc062723c751e8b465ee728b)
Start importing Assets/Characters/Player/Ch14_nonPBR.fbx using Guid(6410bda30ddcc2749a10c4f1d34f0201) Importer(815301076,1909f56bfc062723c751e8b465ee728b)  -> (artifact id: 'c0ccbb41d7a44a2a7750789e1744c7e2') in 0.040632 seconds 
========================================================================
Received Import Request.
  Time since last request: 0.000041 seconds.
  path: Assets/Characters/Player/Ch14_nonPBR@Jumping.fbx
  artifactKey: Guid(a944cfed2d2dea048bb310d94056b357) Importer(815301076,1909f56bfc062723c751e8b465ee728b)
Start importing Assets/Characters/Player/Ch14_nonPBR@Jumping.fbx using Guid(a944cfed2d2dea048bb310d94056b357) Importer(815301076,1909f56bfc062723c751e8b465ee728b)  -> (artifact id: 'fc2a10e0d87ab76a33e931b24dbfb67a') in 0.049827 seconds 
========================================================================
Received Import Request.
  Time since last request: 0.000040 seconds.
  path: Assets/Characters/Player/Ch14_nonPBR@Strut Walking.fbx
  artifactKey: Guid(666769808af872e498d8f9a20e91a6d4) Importer(815301076,1909f56bfc062723c751e8b465ee728b)
Start importing Assets/Characters/Player/Ch14_nonPBR@Strut Walking.fbx using Guid(666769808af872e498d8f9a20e91a6d4) Importer(815301076,1909f56bfc062723c751e8b465ee728b)  -> (artifact id: '0c32be602aac9855f0ad7cea7025a75d') in 0.050664 seconds 
========================================================================
Received Import Request.
  Time since last request: 0.000094 seconds.
  path: Assets/Characters/Player/Ch14_nonPBR@Goofy Running.fbx
  artifactKey: Guid(57dab0cbd5a3ecc43a8846f4c74deea7) Importer(815301076,1909f56bfc062723c751e8b465ee728b)
Start importing Assets/Characters/Player/Ch14_nonPBR@Goofy Running.fbx using Guid(57dab0cbd5a3ecc43a8846f4c74deea7) Importer(815301076,1909f56bfc062723c751e8b465ee728b)  -> (artifact id: 'adf8ae11e4aab2874b4b66da45cc8f36') in 0.045870 seconds 
========================================================================
Received Import Request.
  Time since last request: 619.562994 seconds.
  path: Assets/Free/Tile Floor/Materials/Tile Floor Displacement.mat
  artifactKey: Guid(4bc96de352b7f6c4dbd56becdca7a4f8) Importer(815301076,1909f56bfc062723c751e8b465ee728b)
Start importing Assets/Free/Tile Floor/Materials/Tile Floor Displacement.mat using Guid(4bc96de352b7f6c4dbd56becdca7a4f8) Importer(815301076,1909f56bfc062723c751e8b465ee728b)  -> (artifact id: '7a91547ced6a9f039a7327b5c0b136c4') in 1.108659 seconds 
========================================================================
Received Import Request.
  Time since last request: 19.872758 seconds.
  path: Assets
  artifactKey: Guid(00000000000000001000000000000000) Importer(815301076,1909f56bfc062723c751e8b465ee728b)
Start importing Assets using Guid(00000000000000001000000000000000) Importer(815301076,1909f56bfc062723c751e8b465ee728b)  -> (artifact id: '79842766b460edbeab6a34051e857a80') in 0.003387 seconds 
========================================================================
Received Import Request.
  Time since last request: 10.848019 seconds.
  path: Assets/Prefabs
  artifactKey: Guid(e89590f570267384fb4170154d646ce9) Importer(815301076,1909f56bfc062723c751e8b465ee728b)
Start importing Assets/Prefabs using Guid(e89590f570267384fb4170154d646ce9) Importer(815301076,1909f56bfc062723c751e8b465ee728b)  -> (artifact id: '9b201336861bf1cdfb6752bc3c499b66') in 0.003005 seconds 
========================================================================
Received Import Request.
  Time since last request: 6.973741 seconds.
  path: Assets/Prefabs/Floor.prefab
  artifactKey: Guid(ae4daf44415c11240892f0fd627e8074) Importer(815301076,1909f56bfc062723c751e8b465ee728b)
Start importing Assets/Prefabs/Floor.prefab using Guid(ae4daf44415c11240892f0fd627e8074) Importer(815301076,1909f56bfc062723c751e8b465ee728b)  -> (artifact id: '30e87a942703c503e3c9e07d54695563') in 0.047429 seconds 
========================================================================
Received Import Request.
  Time since last request: 63.550373 seconds.
  path: Assets/Free
  artifactKey: Guid(d6df8e4be0940c242ac5c672b682b890) Importer(815301076,1909f56bfc062723c751e8b465ee728b)
Start importing Assets/Free using Guid(d6df8e4be0940c242ac5c672b682b890) Importer(815301076,1909f56bfc062723c751e8b465ee728b)  -> (artifact id: 'c172637d063c4da01619572ef829790c') in 0.003591 seconds 
========================================================================
Received Import Request.
  Time since last request: 0.764283 seconds.
  path: Assets/Free/Tile Floor
  artifactKey: Guid(2f6eeb926bcb33f469f539980fa90239) Importer(815301076,1909f56bfc062723c751e8b465ee728b)
Start importing Assets/Free/Tile Floor using Guid(2f6eeb926bcb33f469f539980fa90239) Importer(815301076,1909f56bfc062723c751e8b465ee728b)  -> (artifact id: '037a2c1e090c79275bdc725b7db293cf') in 0.003489 seconds 
========================================================================
Received Import Request.
  Time since last request: 1.079328 seconds.
  path: Assets/Free/Tile Floor/Textures
  artifactKey: Guid(44fec973b7939a942a1f571dfd02e78e) Importer(815301076,1909f56bfc062723c751e8b465ee728b)
Start importing Assets/Free/Tile Floor/Textures using Guid(44fec973b7939a942a1f571dfd02e78e) Importer(815301076,1909f56bfc062723c751e8b465ee728b)  -> (artifact id: '55b89f7c8502ee57331897b0c8d8bfa8') in 0.004019 seconds 
========================================================================
Received Import Request.
  Time since last request: 0.053810 seconds.
  path: Assets/Free/Tile Floor/Textures/Tile Floor_4K_Albedo.tga
  artifactKey: Guid(276bd0d2c1f7ae942839d1f23ad6f2a0) Importer(815301076,1909f56bfc062723c751e8b465ee728b)
Start importing Assets/Free/Tile Floor/Textures/Tile Floor_4K_Albedo.tga using Guid(276bd0d2c1f7ae942839d1f23ad6f2a0) Importer(815301076,1909f56bfc062723c751e8b465ee728b)  -> (artifact id: 'ebd3698ee9bcfda3e9ab1ace7acb7b21') in 0.556688 seconds 
========================================================================
Received Import Request.
  Time since last request: 0.000093 seconds.
  path: Assets/Free/Tile Floor/Textures/Tile Floor_4K_Normal.tga
  artifactKey: Guid(0a3b78b4f8ba69c4fbb55f9fa22c2897) Importer(815301076,1909f56bfc062723c751e8b465ee728b)
Start importing Assets/Free/Tile Floor/Textures/Tile Floor_4K_Normal.tga using Guid(0a3b78b4f8ba69c4fbb55f9fa22c2897) Importer(815301076,1909f56bfc062723c751e8b465ee728b)  -> (artifact id: '1b7e9a525f903d07b69c95e6321eea01') in 0.045493 seconds 
========================================================================
Received Import Request.
  Time since last request: 0.000050 seconds.
  path: Assets/Free/Tile Floor/Textures/Tile Floor_4K_Roughness.tga
  artifactKey: Guid(b8486263338b9db47972e5d9779aebd1) Importer(815301076,1909f56bfc062723c751e8b465ee728b)
Start importing Assets/Free/Tile Floor/Textures/Tile Floor_4K_Roughness.tga using Guid(b8486263338b9db47972e5d9779aebd1) Importer(815301076,1909f56bfc062723c751e8b465ee728b)  -> (artifact id: 'b4b14bb6f05894c1865650c9dbf61889') in 0.026498 seconds 
========================================================================
Received Import Request.
  Time since last request: 0.000026 seconds.
  path: Assets/Free/Tile Floor/Textures/Tile Floor_4K_Displacement.tga
  artifactKey: Guid(d47ca4284211bf34bb5d792c5ca703f6) Importer(815301076,1909f56bfc062723c751e8b465ee728b)
Start importing Assets/Free/Tile Floor/Textures/Tile Floor_4K_Displacement.tga using Guid(d47ca4284211bf34bb5d792c5ca703f6) Importer(815301076,1909f56bfc062723c751e8b465ee728b)  -> (artifact id: '49ec144b93c6874842076e65838818dd') in 0.025475 seconds 
========================================================================
Received Import Request.
  Time since last request: 0.000039 seconds.
  path: Assets/Free/Tile Floor/Textures/Tile Floor_4K_Gloss.tga
  artifactKey: Guid(4e295b6ed22ffab41af5c665e10fca3e) Importer(815301076,1909f56bfc062723c751e8b465ee728b)
Start importing Assets/Free/Tile Floor/Textures/Tile Floor_4K_Gloss.tga using Guid(4e295b6ed22ffab41af5c665e10fca3e) Importer(815301076,1909f56bfc062723c751e8b465ee728b)  -> (artifact id: 'b6d0ee2cdc4f4c4246ba39181d673378') in 0.019353 seconds 
========================================================================
Received Import Request.
  Time since last request: 0.000076 seconds.
  path: Assets/Free/Tile Floor/Textures/Tile Floor_4K_Metalness.tga
  artifactKey: Guid(a6d9e618b0858584d8af059e55aca22b) Importer(815301076,1909f56bfc062723c751e8b465ee728b)
Start importing Assets/Free/Tile Floor/Textures/Tile Floor_4K_Metalness.tga using Guid(a6d9e618b0858584d8af059e55aca22b) Importer(815301076,1909f56bfc062723c751e8b465ee728b)  -> (artifact id: 'c29bc21a0bb2b0699b543e87d78fd7b1') in 0.041924 seconds 
========================================================================
Received Import Request.
  Time since last request: 1.563992 seconds.
  path: Assets/Free/Tile Floor/Materials
  artifactKey: Guid(4e8bd93c5b8cd2a4aa98f7048a522a1b) Importer(815301076,1909f56bfc062723c751e8b465ee728b)
Start importing Assets/Free/Tile Floor/Materials using Guid(4e8bd93c5b8cd2a4aa98f7048a522a1b) Importer(815301076,1909f56bfc062723c751e8b465ee728b)  -> (artifact id: '4f4b4f086cb7469cccab48cf082520ae') in 0.003081 seconds 
========================================================================
Received Import Request.
  Time since last request: 74.151741 seconds.
  path: Assets/Prefabs/Floor.prefab
  artifactKey: Guid(ae4daf44415c11240892f0fd627e8074) Importer(815301076,1909f56bfc062723c751e8b465ee728b)
Start importing Assets/Prefabs/Floor.prefab using Guid(ae4daf44415c11240892f0fd627e8074) Importer(815301076,1909f56bfc062723c751e8b465ee728b)  -> (artifact id: '30c65a0075c21fdce84b21fc0754d13b') in 0.035295 seconds 
========================================================================
Received Import Request.
  Time since last request: 41.355162 seconds.
  path: Assets/stone_floor_texture/Stone_floor_09.mat
  artifactKey: Guid(6f3b764d69dc4d04d8e2ce516d2dfaa3) Importer(815301076,1909f56bfc062723c751e8b465ee728b)
Start importing Assets/stone_floor_texture/Stone_floor_09.mat using Guid(6f3b764d69dc4d04d8e2ce516d2dfaa3) Importer(815301076,1909f56bfc062723c751e8b465ee728b)  -> (artifact id: '02569570c455125d4cf5dd32e10c9051') in 0.171802 seconds 
========================================================================
Received Import Request.
  Time since last request: 0.000032 seconds.
  path: Assets/stone_floor_texture/Stone_floor_09.png
  artifactKey: Guid(6cac73f2a8fa6ce42b25c745285032ec) Importer(815301076,1909f56bfc062723c751e8b465ee728b)
Start importing Assets/stone_floor_texture/Stone_floor_09.png using Guid(6cac73f2a8fa6ce42b25c745285032ec) Importer(815301076,1909f56bfc062723c751e8b465ee728b)  -> (artifact id: '04e05432fd1ff539e9d06027b7abe780') in 0.059553 seconds 
========================================================================
Received Import Request.
  Time since last request: 107.614404 seconds.
  path: Assets/Characters/Player/Ch14_nonPBR.fbx
  artifactKey: Guid(6410bda30ddcc2749a10c4f1d34f0201) Importer(815301076,1909f56bfc062723c751e8b465ee728b)
Start importing Assets/Characters/Player/Ch14_nonPBR.fbx using Guid(6410bda30ddcc2749a10c4f1d34f0201) Importer(815301076,1909f56bfc062723c751e8b465ee728b)  -> (artifact id: 'fec88cc8756b9102dfa7f45dab872446') in 0.458248 seconds 
========================================================================
Received Import Request.
  Time since last request: 0.000036 seconds.
  path: Assets/Characters/Player/Ch14_nonPBR@Jumping.fbx
  artifactKey: Guid(a944cfed2d2dea048bb310d94056b357) Importer(815301076,1909f56bfc062723c751e8b465ee728b)
Start importing Assets/Characters/Player/Ch14_nonPBR@Jumping.fbx using Guid(a944cfed2d2dea048bb310d94056b357) Importer(815301076,1909f56bfc062723c751e8b465ee728b)  -> (artifact id: '589d74999dea82bbec2709a77edeeab6') in 0.041767 seconds 
========================================================================
Received Import Request.
  Time since last request: 0.000051 seconds.
  path: Assets/Characters/Player/Ch14_1001_Diffuse.png
  artifactKey: Guid(89576c05d6eb95b4b887bc692c5db109) Importer(815301076,1909f56bfc062723c751e8b465ee728b)
Start importing Assets/Characters/Player/Ch14_1001_Diffuse.png using Guid(89576c05d6eb95b4b887bc692c5db109) Importer(815301076,1909f56bfc062723c751e8b465ee728b)  -> (artifact id: '2e22b05f9c6fe37502d171510d7cc80c') in 0.026056 seconds 
========================================================================
Received Import Request.
  Time since last request: 0.000251 seconds.
  path: Assets/Characters/Player/Ch14_nonPBR@Strut Walking.fbx
  artifactKey: Guid(666769808af872e498d8f9a20e91a6d4) Importer(815301076,1909f56bfc062723c751e8b465ee728b)
Start importing Assets/Characters/Player/Ch14_nonPBR@Strut Walking.fbx using Guid(666769808af872e498d8f9a20e91a6d4) Importer(815301076,1909f56bfc062723c751e8b465ee728b)  -> (artifact id: '85a83b8313970764cb073cf928c355f7') in 0.082900 seconds 
========================================================================
Received Import Request.
  Time since last request: 0.000024 seconds.
  path: Assets/Characters/Player/Ch14_1001_Glossiness.png
  artifactKey: Guid(2e9e2bb6c100a8248bf0ead8b4947e68) Importer(815301076,1909f56bfc062723c751e8b465ee728b)
Start importing Assets/Characters/Player/Ch14_1001_Glossiness.png using Guid(2e9e2bb6c100a8248bf0ead8b4947e68) Importer(815301076,1909f56bfc062723c751e8b465ee728b)  -> (artifact id: '5b3a1b93ac738874b5cfd63c8083ab4b') in 0.028602 seconds 
========================================================================
Received Import Request.
  Time since last request: 0.000039 seconds.
  path: Assets/Characters/Player/Ch14_1001_Normal.png
  artifactKey: Guid(1e6acb6728ff40b4ab1abf087ce3d5bb) Importer(815301076,1909f56bfc062723c751e8b465ee728b)
Start importing Assets/Characters/Player/Ch14_1001_Normal.png using Guid(1e6acb6728ff40b4ab1abf087ce3d5bb) Importer(815301076,1909f56bfc062723c751e8b465ee728b)  -> (artifact id: '54dd28d53d1a2098f64bef170e565a4d') in 0.017185 seconds 
========================================================================
Received Import Request.
  Time since last request: 0.000033 seconds.
  path: Assets/Characters/Player/Ch14_nonPBR@Goofy Running.fbx
  artifactKey: Guid(57dab0cbd5a3ecc43a8846f4c74deea7) Importer(815301076,1909f56bfc062723c751e8b465ee728b)
Start importing Assets/Characters/Player/Ch14_nonPBR@Goofy Running.fbx using Guid(57dab0cbd5a3ecc43a8846f4c74deea7) Importer(815301076,1909f56bfc062723c751e8b465ee728b)  -> (artifact id: '9e65c8da7eb0b6865c56b712cab8e5dc') in 0.054665 seconds 
========================================================================
Received Import Request.
  Time since last request: 0.000023 seconds.
  path: Assets/Characters/Player/Ch14_1001_Specular.png
  artifactKey: Guid(ae30e064a7c67a647bc33ea14feb2c8c) Importer(815301076,1909f56bfc062723c751e8b465ee728b)
Start importing Assets/Characters/Player/Ch14_1001_Specular.png using Guid(ae30e064a7c67a647bc33ea14feb2c8c) Importer(815301076,1909f56bfc062723c751e8b465ee728b)  -> (artifact id: '185029ce16063462be9e63d6edf70570') in 0.019952 seconds 
========================================================================
Received Prepare
Registering precompiled user dll's ...
Registered in 0.005686 seconds.
Begin MonoManager ReloadAssembly
Symbol file LoadedFromMemory doesn't match image F:\GitHub\YourTurn\Your Turn\Library\PackageCache\com.unity.visualscripting@1.7.8\Editor\VisualScripting.Core\Dependencies\YamlDotNet\Unity.VisualScripting.YamlDotNet.dll
Symbol file LoadedFromMemory doesn't match image F:\GitHub\YourTurn\Your Turn\Library\PackageCache\com.unity.visualscripting@1.7.8\Editor\VisualScripting.Core\Dependencies\DotNetZip\Unity.VisualScripting.IonicZip.dll
Native extension for WindowsStandalone target not found
Native extension for Android target not found
Native extension for WebGL target not found
Refreshing native plugins compatible for Editor in 1.21 ms, found 3 plugins.
Preloading 0 native plugins for Editor in 0.00 ms.
Mono: successfully reloaded assembly
- Completed reload, in  1.652 seconds
Domain Reload Profiling:
	ReloadAssembly (1653ms)
		BeginReloadAssembly (186ms)
			ExecutionOrderSort (0ms)
			DisableScriptedObjects (6ms)
			BackupInstance (0ms)
			ReleaseScriptingObjects (0ms)
			CreateAndSetChildDomain (59ms)
		EndReloadAssembly (1324ms)
			LoadAssemblies (127ms)
			RebuildTransferFunctionScriptingTraits (0ms)
			SetupTypeCache (410ms)
			ReleaseScriptCaches (2ms)
			RebuildScriptCaches (74ms)
			SetupLoadedEditorAssemblies (621ms)
				LogAssemblyErrors (0ms)
				InitializePlatformSupportModulesInManaged (33ms)
				SetLoadedEditorAssemblies (1ms)
				RefreshPlugins (1ms)
				BeforeProcessingInitializeOnLoad (129ms)
				ProcessInitializeOnLoadAttributes (398ms)
				ProcessInitializeOnLoadMethodAttributes (54ms)
				AfterProcessingInitializeOnLoad (4ms)
				EditorAssembliesLoaded (0ms)
			ExecutionOrderSort2 (0ms)
			AwakeInstancesAfterBackupRestoration (14ms)
Platform modules already initialized, skipping
Refreshing native plugins compatible for Editor in 3.89 ms, found 3 plugins.
Preloading 0 native plugins for Editor in 0.00 ms.
Unloading 3363 Unused Serialized files (Serialized files now loaded: 0)
Unloading 20 unused Assets / (78.3 KB). Loaded Objects now: 3878.
Memory consumption went from 133.7 MB to 133.6 MB.
Total: 5.650300 ms (FindLiveObjects: 0.352600 ms CreateObjectMapping: 0.185300 ms MarkObjects: 4.828400 ms  DeleteObjects: 0.282700 ms)

AssetImportParameters requested are different than current active one (requested -> active):
  custom:video-decoder-ogg-theora: a1e56fd34408186e4bbccfd4996cb3dc -> 
  custom:container-muxer-webm: aa71ff27fc2769a1b78a27578f13a17b -> 
  custom:container-demuxer-webm: 4f35f7cbe854078d1ac9338744f61a02 -> 
  custom:video-encoder-webm-vp8: eb34c28f22e8b96e1ab97ce403110664 -> 
  custom:audio-encoder-webm-vorbis: bf7c407c2cedff20999df2af8eb42d56 -> 
  custom:framework-win-MediaFoundation: 216162199b28c13a410421893ffa2e32 -> 
  custom:container-demuxer-ogg: 62fdf1f143b41e24485cea50d1cbac27 -> 
  custom:video-decoder-webm-vp8: 9c59270c3fd7afecdb556c50c9e8de78 -> 
  custom:audio-decoder-ogg-vorbis: bf7c407c2cedff20999df2af8eb42d56 -> 
========================================================================
Received Import Request.
  Time since last request: 385.796579 seconds.
  path: Assets/Scripts
  artifactKey: Guid(2fc9f3691f916634bb5eea04ce080aac) Importer(815301076,1909f56bfc062723c751e8b465ee728b)
Start importing Assets/Scripts using Guid(2fc9f3691f916634bb5eea04ce080aac) Importer(815301076,1909f56bfc062723c751e8b465ee728b)  -> (artifact id: 'a370be38269774f0cc05fbcc90d194dd') in 0.015796 seconds 
========================================================================
Received Import Request.
  Time since last request: 12.675137 seconds.
  path: Assets/Scripts/CharacterMovement.cs
  artifactKey: Guid(f489a397a0b1c3543b396fa4ae0f0b85) Importer(815301076,1909f56bfc062723c751e8b465ee728b)
Start importing Assets/Scripts/CharacterMovement.cs using Guid(f489a397a0b1c3543b396fa4ae0f0b85) Importer(815301076,1909f56bfc062723c751e8b465ee728b)  -> (artifact id: '477aceb91897698c3aa0bb38c431df54') in 0.352983 seconds 
========================================================================
Received Prepare
Registering precompiled user dll's ...
Registered in 0.009551 seconds.
Begin MonoManager ReloadAssembly
Symbol file LoadedFromMemory doesn't match image F:\GitHub\YourTurn\Your Turn\Library\PackageCache\com.unity.visualscripting@1.7.8\Editor\VisualScripting.Core\Dependencies\YamlDotNet\Unity.VisualScripting.YamlDotNet.dll
Symbol file LoadedFromMemory doesn't match image F:\GitHub\YourTurn\Your Turn\Library\PackageCache\com.unity.visualscripting@1.7.8\Editor\VisualScripting.Core\Dependencies\DotNetZip\Unity.VisualScripting.IonicZip.dll
Native extension for WindowsStandalone target not found
Native extension for Android target not found
Native extension for WebGL target not found
Refreshing native plugins compatible for Editor in 0.63 ms, found 3 plugins.
Preloading 0 native plugins for Editor in 0.00 ms.
Mono: successfully reloaded assembly
- Completed reload, in  1.439 seconds
Domain Reload Profiling:
	ReloadAssembly (1440ms)
		BeginReloadAssembly (208ms)
			ExecutionOrderSort (0ms)
			DisableScriptedObjects (8ms)
			BackupInstance (0ms)
			ReleaseScriptingObjects (0ms)
			CreateAndSetChildDomain (52ms)
		EndReloadAssembly (1059ms)
			LoadAssemblies (158ms)
			RebuildTransferFunctionScriptingTraits (0ms)
			SetupTypeCache (438ms)
			ReleaseScriptCaches (1ms)
			RebuildScriptCaches (48ms)
			SetupLoadedEditorAssemblies (397ms)
				LogAssemblyErrors (0ms)
				InitializePlatformSupportModulesInManaged (27ms)
				SetLoadedEditorAssemblies (1ms)
				RefreshPlugins (1ms)
				BeforeProcessingInitializeOnLoad (79ms)
				ProcessInitializeOnLoadAttributes (252ms)
				ProcessInitializeOnLoadMethodAttributes (34ms)
				AfterProcessingInitializeOnLoad (4ms)
				EditorAssembliesLoaded (0ms)
			ExecutionOrderSort2 (0ms)
			AwakeInstancesAfterBackupRestoration (9ms)
Platform modules already initialized, skipping
Refreshing native plugins compatible for Editor in 1.87 ms, found 3 plugins.
Preloading 0 native plugins for Editor in 0.00 ms.
Unloading 3364 Unused Serialized files (Serialized files now loaded: 0)
Unloading 20 unused Assets / (78.4 KB). Loaded Objects now: 3882.
Memory consumption went from 133.7 MB to 133.6 MB.
Total: 4.194300 ms (FindLiveObjects: 0.319600 ms CreateObjectMapping: 0.174300 ms MarkObjects: 3.550500 ms  DeleteObjects: 0.148600 ms)

AssetImportParameters requested are different than current active one (requested -> active):
  custom:video-decoder-ogg-theora: a1e56fd34408186e4bbccfd4996cb3dc -> 
  custom:container-muxer-webm: aa71ff27fc2769a1b78a27578f13a17b -> 
  custom:container-demuxer-webm: 4f35f7cbe854078d1ac9338744f61a02 -> 
  custom:video-encoder-webm-vp8: eb34c28f22e8b96e1ab97ce403110664 -> 
  custom:audio-encoder-webm-vorbis: bf7c407c2cedff20999df2af8eb42d56 -> 
  custom:framework-win-MediaFoundation: 216162199b28c13a410421893ffa2e32 -> 
  custom:container-demuxer-ogg: 62fdf1f143b41e24485cea50d1cbac27 -> 
  custom:video-decoder-webm-vp8: 9c59270c3fd7afecdb556c50c9e8de78 -> 
  custom:audio-decoder-ogg-vorbis: bf7c407c2cedff20999df2af8eb42d56 -> 
========================================================================
Received Prepare
Registering precompiled user dll's ...
Registered in 0.007807 seconds.
Begin MonoManager ReloadAssembly
Symbol file LoadedFromMemory doesn't match image F:\GitHub\YourTurn\Your Turn\Library\PackageCache\com.unity.visualscripting@1.7.8\Editor\VisualScripting.Core\Dependencies\YamlDotNet\Unity.VisualScripting.YamlDotNet.dll
Symbol file LoadedFromMemory doesn't match image F:\GitHub\YourTurn\Your Turn\Library\PackageCache\com.unity.visualscripting@1.7.8\Editor\VisualScripting.Core\Dependencies\DotNetZip\Unity.VisualScripting.IonicZip.dll
Native extension for WindowsStandalone target not found
Native extension for Android target not found
Native extension for WebGL target not found
Refreshing native plugins compatible for Editor in 0.75 ms, found 3 plugins.
Preloading 0 native plugins for Editor in 0.00 ms.
Mono: successfully reloaded assembly
- Completed reload, in  1.303 seconds
Domain Reload Profiling:
	ReloadAssembly (1304ms)
		BeginReloadAssembly (163ms)
			ExecutionOrderSort (0ms)
			DisableScriptedObjects (7ms)
			BackupInstance (0ms)
			ReleaseScriptingObjects (0ms)
			CreateAndSetChildDomain (45ms)
		EndReloadAssembly (1026ms)
			LoadAssemblies (110ms)
			RebuildTransferFunctionScriptingTraits (0ms)
			SetupTypeCache (340ms)
			ReleaseScriptCaches (2ms)
			RebuildScriptCaches (48ms)
			SetupLoadedEditorAssemblies (446ms)
				LogAssemblyErrors (0ms)
				InitializePlatformSupportModulesInManaged (30ms)
				SetLoadedEditorAssemblies (1ms)
				RefreshPlugins (1ms)
				BeforeProcessingInitializeOnLoad (80ms)
				ProcessInitializeOnLoadAttributes (292ms)
				ProcessInitializeOnLoadMethodAttributes (39ms)
				AfterProcessingInitializeOnLoad (4ms)
				EditorAssembliesLoaded (0ms)
			ExecutionOrderSort2 (0ms)
			AwakeInstancesAfterBackupRestoration (41ms)
Platform modules already initialized, skipping
Refreshing native plugins compatible for Editor in 3.20 ms, found 3 plugins.
Preloading 0 native plugins for Editor in 0.00 ms.
Unloading 3364 Unused Serialized files (Serialized files now loaded: 0)
Unloading 20 unused Assets / (78.4 KB). Loaded Objects now: 3885.
Memory consumption went from 133.7 MB to 133.6 MB.
Total: 5.037800 ms (FindLiveObjects: 0.405800 ms CreateObjectMapping: 0.248700 ms MarkObjects: 4.227600 ms  DeleteObjects: 0.153900 ms)

AssetImportParameters requested are different than current active one (requested -> active):
  custom:video-decoder-ogg-theora: a1e56fd34408186e4bbccfd4996cb3dc -> 
  custom:container-muxer-webm: aa71ff27fc2769a1b78a27578f13a17b -> 
  custom:container-demuxer-webm: 4f35f7cbe854078d1ac9338744f61a02 -> 
  custom:video-encoder-webm-vp8: eb34c28f22e8b96e1ab97ce403110664 -> 
  custom:audio-encoder-webm-vorbis: bf7c407c2cedff20999df2af8eb42d56 -> 
  custom:framework-win-MediaFoundation: 216162199b28c13a410421893ffa2e32 -> 
  custom:container-demuxer-ogg: 62fdf1f143b41e24485cea50d1cbac27 -> 
  custom:video-decoder-webm-vp8: 9c59270c3fd7afecdb556c50c9e8de78 -> 
  custom:audio-decoder-ogg-vorbis: bf7c407c2cedff20999df2af8eb42d56 -> 
========================================================================
Received Prepare
Registering precompiled user dll's ...
Registered in 0.008175 seconds.
Begin MonoManager ReloadAssembly
Symbol file LoadedFromMemory doesn't match image F:\GitHub\YourTurn\Your Turn\Library\PackageCache\com.unity.visualscripting@1.7.8\Editor\VisualScripting.Core\Dependencies\YamlDotNet\Unity.VisualScripting.YamlDotNet.dll
Symbol file LoadedFromMemory doesn't match image F:\GitHub\YourTurn\Your Turn\Library\PackageCache\com.unity.visualscripting@1.7.8\Editor\VisualScripting.Core\Dependencies\DotNetZip\Unity.VisualScripting.IonicZip.dll
Native extension for WindowsStandalone target not found
Native extension for Android target not found
Native extension for WebGL target not found
Refreshing native plugins compatible for Editor in 0.82 ms, found 3 plugins.
Preloading 0 native plugins for Editor in 0.00 ms.
Mono: successfully reloaded assembly
- Completed reload, in  1.829 seconds
Domain Reload Profiling:
	ReloadAssembly (1831ms)
		BeginReloadAssembly (199ms)
			ExecutionOrderSort (0ms)
			DisableScriptedObjects (8ms)
			BackupInstance (0ms)
			ReleaseScriptingObjects (0ms)
			CreateAndSetChildDomain (56ms)
		EndReloadAssembly (1478ms)
			LoadAssemblies (145ms)
			RebuildTransferFunctionScriptingTraits (0ms)
			SetupTypeCache (492ms)
			ReleaseScriptCaches (1ms)
			RebuildScriptCaches (79ms)
			SetupLoadedEditorAssemblies (669ms)
				LogAssemblyErrors (0ms)
				InitializePlatformSupportModulesInManaged (45ms)
				SetLoadedEditorAssemblies (1ms)
				RefreshPlugins (1ms)
				BeforeProcessingInitializeOnLoad (122ms)
				ProcessInitializeOnLoadAttributes (437ms)
				ProcessInitializeOnLoadMethodAttributes (58ms)
				AfterProcessingInitializeOnLoad (5ms)
				EditorAssembliesLoaded (0ms)
			ExecutionOrderSort2 (0ms)
			AwakeInstancesAfterBackupRestoration (16ms)
Platform modules already initialized, skipping
Refreshing native plugins compatible for Editor in 2.42 ms, found 3 plugins.
Preloading 0 native plugins for Editor in 0.00 ms.
Unloading 3364 Unused Serialized files (Serialized files now loaded: 0)
Unloading 20 unused Assets / (78.4 KB). Loaded Objects now: 3888.
Memory consumption went from 133.7 MB to 133.6 MB.
Total: 4.626100 ms (FindLiveObjects: 0.336600 ms CreateObjectMapping: 0.190600 ms MarkObjects: 3.970000 ms  DeleteObjects: 0.127600 ms)

AssetImportParameters requested are different than current active one (requested -> active):
  custom:video-decoder-ogg-theora: a1e56fd34408186e4bbccfd4996cb3dc -> 
  custom:container-muxer-webm: aa71ff27fc2769a1b78a27578f13a17b -> 
  custom:container-demuxer-webm: 4f35f7cbe854078d1ac9338744f61a02 -> 
  custom:video-encoder-webm-vp8: eb34c28f22e8b96e1ab97ce403110664 -> 
  custom:audio-encoder-webm-vorbis: bf7c407c2cedff20999df2af8eb42d56 -> 
  custom:framework-win-MediaFoundation: 216162199b28c13a410421893ffa2e32 -> 
  custom:container-demuxer-ogg: 62fdf1f143b41e24485cea50d1cbac27 -> 
  custom:video-decoder-webm-vp8: 9c59270c3fd7afecdb556c50c9e8de78 -> 
  custom:audio-decoder-ogg-vorbis: bf7c407c2cedff20999df2af8eb42d56 -> 
========================================================================
Received Prepare
Registering precompiled user dll's ...
Registered in 0.006001 seconds.
Begin MonoManager ReloadAssembly
Symbol file LoadedFromMemory doesn't match image F:\GitHub\YourTurn\Your Turn\Library\PackageCache\com.unity.visualscripting@1.7.8\Editor\VisualScripting.Core\Dependencies\YamlDotNet\Unity.VisualScripting.YamlDotNet.dll
Symbol file LoadedFromMemory doesn't match image F:\GitHub\YourTurn\Your Turn\Library\PackageCache\com.unity.visualscripting@1.7.8\Editor\VisualScripting.Core\Dependencies\DotNetZip\Unity.VisualScripting.IonicZip.dll
Native extension for WindowsStandalone target not found
Native extension for Android target not found
Native extension for WebGL target not found
Refreshing native plugins compatible for Editor in 1.15 ms, found 3 plugins.
Preloading 0 native plugins for Editor in 0.00 ms.
Mono: successfully reloaded assembly
- Completed reload, in  1.805 seconds
Domain Reload Profiling:
	ReloadAssembly (1806ms)
		BeginReloadAssembly (195ms)
			ExecutionOrderSort (0ms)
			DisableScriptedObjects (13ms)
			BackupInstance (0ms)
			ReleaseScriptingObjects (0ms)
			CreateAndSetChildDomain (45ms)
		EndReloadAssembly (1465ms)
			LoadAssemblies (136ms)
			RebuildTransferFunctionScriptingTraits (0ms)
			SetupTypeCache (489ms)
			ReleaseScriptCaches (1ms)
			RebuildScriptCaches (79ms)
			SetupLoadedEditorAssemblies (662ms)
				LogAssemblyErrors (0ms)
				InitializePlatformSupportModulesInManaged (48ms)
				SetLoadedEditorAssemblies (2ms)
				RefreshPlugins (1ms)
				BeforeProcessingInitializeOnLoad (118ms)
				ProcessInitializeOnLoadAttributes (435ms)
				ProcessInitializeOnLoadMethodAttributes (54ms)
				AfterProcessingInitializeOnLoad (4ms)
				EditorAssembliesLoaded (0ms)
			ExecutionOrderSort2 (0ms)
			AwakeInstancesAfterBackupRestoration (25ms)
Platform modules already initialized, skipping
Refreshing native plugins compatible for Editor in 2.59 ms, found 3 plugins.
Preloading 0 native plugins for Editor in 0.00 ms.
Unloading 3364 Unused Serialized files (Serialized files now loaded: 0)
Unloading 20 unused Assets / (78.4 KB). Loaded Objects now: 3891.
Memory consumption went from 133.7 MB to 133.6 MB.
Total: 5.172200 ms (FindLiveObjects: 0.347700 ms CreateObjectMapping: 0.206700 ms MarkObjects: 4.481000 ms  DeleteObjects: 0.134100 ms)

AssetImportParameters requested are different than current active one (requested -> active):
  custom:video-decoder-ogg-theora: a1e56fd34408186e4bbccfd4996cb3dc -> 
  custom:container-muxer-webm: aa71ff27fc2769a1b78a27578f13a17b -> 
  custom:container-demuxer-webm: 4f35f7cbe854078d1ac9338744f61a02 -> 
  custom:video-encoder-webm-vp8: eb34c28f22e8b96e1ab97ce403110664 -> 
  custom:audio-encoder-webm-vorbis: bf7c407c2cedff20999df2af8eb42d56 -> 
  custom:framework-win-MediaFoundation: 216162199b28c13a410421893ffa2e32 -> 
  custom:container-demuxer-ogg: 62fdf1f143b41e24485cea50d1cbac27 -> 
  custom:video-decoder-webm-vp8: 9c59270c3fd7afecdb556c50c9e8de78 -> 
  custom:audio-decoder-ogg-vorbis: bf7c407c2cedff20999df2af8eb42d56 -> 
========================================================================
Received Prepare
Registering precompiled user dll's ...
Registered in 0.009274 seconds.
Begin MonoManager ReloadAssembly
Symbol file LoadedFromMemory doesn't match image F:\GitHub\YourTurn\Your Turn\Library\PackageCache\com.unity.visualscripting@1.7.8\Editor\VisualScripting.Core\Dependencies\YamlDotNet\Unity.VisualScripting.YamlDotNet.dll
Symbol file LoadedFromMemory doesn't match image F:\GitHub\YourTurn\Your Turn\Library\PackageCache\com.unity.visualscripting@1.7.8\Editor\VisualScripting.Core\Dependencies\DotNetZip\Unity.VisualScripting.IonicZip.dll
Native extension for WindowsStandalone target not found
Native extension for Android target not found
Native extension for WebGL target not found
Refreshing native plugins compatible for Editor in 0.68 ms, found 3 plugins.
Preloading 0 native plugins for Editor in 0.00 ms.
Mono: successfully reloaded assembly
- Completed reload, in  1.905 seconds
Domain Reload Profiling:
	ReloadAssembly (1907ms)
		BeginReloadAssembly (202ms)
			ExecutionOrderSort (0ms)
			DisableScriptedObjects (11ms)
			BackupInstance (0ms)
			ReleaseScriptingObjects (0ms)
			CreateAndSetChildDomain (52ms)
		EndReloadAssembly (1554ms)
			LoadAssemblies (158ms)
			RebuildTransferFunctionScriptingTraits (0ms)
			SetupTypeCache (519ms)
			ReleaseScriptCaches (2ms)
			RebuildScriptCaches (80ms)
			SetupLoadedEditorAssemblies (700ms)
				LogAssemblyErrors (0ms)
				InitializePlatformSupportModulesInManaged (43ms)
				SetLoadedEditorAssemblies (1ms)
				RefreshPlugins (1ms)
				BeforeProcessingInitializeOnLoad (121ms)
				ProcessInitializeOnLoadAttributes (449ms)
				ProcessInitializeOnLoadMethodAttributes (76ms)
				AfterProcessingInitializeOnLoad (9ms)
				EditorAssembliesLoaded (0ms)
			ExecutionOrderSort2 (0ms)
			AwakeInstancesAfterBackupRestoration (15ms)
Platform modules already initialized, skipping
Refreshing native plugins compatible for Editor in 5.16 ms, found 3 plugins.
Preloading 0 native plugins for Editor in 0.00 ms.
Unloading 3364 Unused Serialized files (Serialized files now loaded: 0)
Unloading 20 unused Assets / (78.5 KB). Loaded Objects now: 3894.
Memory consumption went from 133.7 MB to 133.7 MB.
Total: 6.060900 ms (FindLiveObjects: 0.319600 ms CreateObjectMapping: 0.716700 ms MarkObjects: 4.775200 ms  DeleteObjects: 0.248000 ms)

AssetImportParameters requested are different than current active one (requested -> active):
  custom:video-decoder-ogg-theora: a1e56fd34408186e4bbccfd4996cb3dc -> 
  custom:container-muxer-webm: aa71ff27fc2769a1b78a27578f13a17b -> 
  custom:container-demuxer-webm: 4f35f7cbe854078d1ac9338744f61a02 -> 
  custom:video-encoder-webm-vp8: eb34c28f22e8b96e1ab97ce403110664 -> 
  custom:audio-encoder-webm-vorbis: bf7c407c2cedff20999df2af8eb42d56 -> 
  custom:framework-win-MediaFoundation: 216162199b28c13a410421893ffa2e32 -> 
  custom:container-demuxer-ogg: 62fdf1f143b41e24485cea50d1cbac27 -> 
  custom:video-decoder-webm-vp8: 9c59270c3fd7afecdb556c50c9e8de78 -> 
  custom:audio-decoder-ogg-vorbis: bf7c407c2cedff20999df2af8eb42d56 -> 
========================================================================
Received Prepare
Registering precompiled user dll's ...
Registered in 0.005658 seconds.
Begin MonoManager ReloadAssembly
Symbol file LoadedFromMemory doesn't match image F:\GitHub\YourTurn\Your Turn\Library\PackageCache\com.unity.visualscripting@1.7.8\Editor\VisualScripting.Core\Dependencies\YamlDotNet\Unity.VisualScripting.YamlDotNet.dll
Symbol file LoadedFromMemory doesn't match image F:\GitHub\YourTurn\Your Turn\Library\PackageCache\com.unity.visualscripting@1.7.8\Editor\VisualScripting.Core\Dependencies\DotNetZip\Unity.VisualScripting.IonicZip.dll
Native extension for WindowsStandalone target not found
Native extension for Android target not found
Native extension for WebGL target not found
Refreshing native plugins compatible for Editor in 0.71 ms, found 3 plugins.
Preloading 0 native plugins for Editor in 0.00 ms.
Mono: successfully reloaded assembly
- Completed reload, in  1.231 seconds
Domain Reload Profiling:
	ReloadAssembly (1232ms)
		BeginReloadAssembly (173ms)
			ExecutionOrderSort (0ms)
			DisableScriptedObjects (8ms)
			BackupInstance (0ms)
			ReleaseScriptingObjects (0ms)
			CreateAndSetChildDomain (53ms)
		EndReloadAssembly (943ms)
			LoadAssemblies (111ms)
			RebuildTransferFunctionScriptingTraits (0ms)
			SetupTypeCache (332ms)
			ReleaseScriptCaches (1ms)
			RebuildScriptCaches (50ms)
			SetupLoadedEditorAssemblies (405ms)
				LogAssemblyErrors (0ms)
				InitializePlatformSupportModulesInManaged (29ms)
				SetLoadedEditorAssemblies (1ms)
				RefreshPlugins (1ms)
				BeforeProcessingInitializeOnLoad (79ms)
				ProcessInitializeOnLoadAttributes (258ms)
				ProcessInitializeOnLoadMethodAttributes (33ms)
				AfterProcessingInitializeOnLoad (3ms)
				EditorAssembliesLoaded (0ms)
			ExecutionOrderSort2 (0ms)
			AwakeInstancesAfterBackupRestoration (9ms)
Platform modules already initialized, skipping
Refreshing native plugins compatible for Editor in 3.82 ms, found 3 plugins.
Preloading 0 native plugins for Editor in 0.02 ms.
Unloading 3364 Unused Serialized files (Serialized files now loaded: 0)
Unloading 20 unused Assets / (78.5 KB). Loaded Objects now: 3897.
Memory consumption went from 133.7 MB to 133.7 MB.
Total: 3.806500 ms (FindLiveObjects: 0.297600 ms CreateObjectMapping: 0.180400 ms MarkObjects: 3.216800 ms  DeleteObjects: 0.110400 ms)

AssetImportParameters requested are different than current active one (requested -> active):
  custom:video-decoder-ogg-theora: a1e56fd34408186e4bbccfd4996cb3dc -> 
  custom:container-muxer-webm: aa71ff27fc2769a1b78a27578f13a17b -> 
  custom:container-demuxer-webm: 4f35f7cbe854078d1ac9338744f61a02 -> 
  custom:video-encoder-webm-vp8: eb34c28f22e8b96e1ab97ce403110664 -> 
  custom:audio-encoder-webm-vorbis: bf7c407c2cedff20999df2af8eb42d56 -> 
  custom:framework-win-MediaFoundation: 216162199b28c13a410421893ffa2e32 -> 
  custom:container-demuxer-ogg: 62fdf1f143b41e24485cea50d1cbac27 -> 
  custom:video-decoder-webm-vp8: 9c59270c3fd7afecdb556c50c9e8de78 -> 
  custom:audio-decoder-ogg-vorbis: bf7c407c2cedff20999df2af8eb42d56 -> 
========================================================================
Received Import Request.
  Time since last request: 1952.720661 seconds.
  path: Assets/Prefabs/Player.prefab
  artifactKey: Guid(68270d4b15b715643b504a0f2b900b48) Importer(815301076,1909f56bfc062723c751e8b465ee728b)
Start importing Assets/Prefabs/Player.prefab using Guid(68270d4b15b715643b504a0f2b900b48) Importer(815301076,1909f56bfc062723c751e8b465ee728b)  -> (artifact id: '6309534a7a8f4fdd17caba725815c780') in 0.302235 seconds 
